# Depending on where a model breaks -- you may not automatically know the right full model name.
# In most folder names the file / folder names start with the 5 digit model_id which is in
# the huc level models catalog. Using that value will help you find the "final_name_key".

# V1 and pre V2 tests
1292972_BECK BRANCH_g01_1701646035
1293152_DUCK CREEK_g01_1701646019
5789418_ALUM 182_g01_1700261640
4133215_Navarro-Mills Stream053_g01_1701693925
1487524_UNT 102 in LKiC_g01_1700530964
1498912_SULPHUR CREEK_g01_1700530893
1487436_UNT 091 in LKiC_g01_1700530964
5789418_ALUM CREEK_g01_1700261650

# new ones for V2 prod below
# from v2 12100202
24619246_COTTONWOOD CREEK SOUTH 2_g01_1714638568
1622925_COTTONWOOD CREEK_g01_1714638568
1619581_Guadalupe River_g01_1714638572

# from v2 12030101
1305829_UNT163 Eagle Mountain Watershed_g01_1712436513

# from v2 12030106
1292972_BECK BRANCH_g01_1712494167
1293152_DUCK CREEK_g01_1712494149

# from v2 12030202
1492766_BROWNS CREEK_g01_1712324133
1492876_CANEY CREEK 2_g01_1712324133
1491494_CLEAR CREEK_g01_1712324134
1492878_BRUSHY CREEK_g01_1712324133
1492120_CEDAR LICK BRANCH_g01_1712324133
1491366_BIG BRANCH_g01_1712324132
1487524_UNT 102 in LKiC_g01_1712324193
1487436_UNT 092 in LKiC_g01_1712324192

# from V2 12070102
5568945_Sand Branch_g01_1712827118
5569105_Blue Branch_g01_1712827110

# from V2 12090301
# 5791800 were identified beforing starting
5791800_CLEAR 177_g01_1712269172
5791800_CLEAR 191_g01_1712269173
5791800_CLEAR 198_g01_1712269173
5791800_CLEAR 208_g01_1712269174
5789418_ALUM CREEK_g01_1712269120
